Build started 3.11.2015 г. 14:57:10.
     1>Project "C:\Users\Georgi\documents\visual studio 2013\Projects\Homework1\Homework1\Homework1.vcxproj" on node 2 (Build target(s)).
     1>ClCompile:
         E:\Visual Studio Ultimate\VC\bin\CL.exe /c /ZI /nologo /W3 /WX- /Od /Oy- /D WIN32 /D _DEBUG /D _CONSOLE /D _LIB /D _UNICODE /D UNICODE /Gm /EHsc /RTC1 /MDd /GS /fp:precise /Zc:wchar_t /Zc:forScope /Fo"Debug\\" /Fd"Debug\vc120.pdb" /Gd /TP /analyze- /errorReport:prompt main.cpp
         main.cpp
     1>c:\users\georgi\documents\visual studio 2013\projects\homework1\homework1\main.cpp(9): warning C4996: 'strcpy': This function or variable may be unsafe. Consider using strcpy_s instead. To disable deprecation, use _CRT_SECURE_NO_WARNINGS. See online help for details.
                 e:\visual studio ultimate\vc\include\string.h(112) : see declaration of 'strcpy'
     1>c:\users\georgi\documents\visual studio 2013\projects\homework1\homework1\main.cpp(10): warning C4018: '<' : signed/unsigned mismatch
     1>c:\users\georgi\documents\visual studio 2013\projects\homework1\homework1\main.cpp(11): warning C4996: 'strcat': This function or variable may be unsafe. Consider using strcat_s instead. To disable deprecation, use _CRT_SECURE_NO_WARNINGS. See online help for details.
                 e:\visual studio ultimate\vc\include\string.h(118) : see declaration of 'strcat'
     1>c:\users\georgi\documents\visual studio 2013\projects\homework1\homework1\main.cpp(23): warning C4018: '<' : signed/unsigned mismatch
     1>c:\users\georgi\documents\visual studio 2013\projects\homework1\homework1\main.cpp(28): warning C4996: 'strcpy': This function or variable may be unsafe. Consider using strcpy_s instead. To disable deprecation, use _CRT_SECURE_NO_WARNINGS. See online help for details.
                 e:\visual studio ultimate\vc\include\string.h(112) : see declaration of 'strcpy'
     1>c:\users\georgi\documents\visual studio 2013\projects\homework1\homework1\main.cpp(35): warning C4996: 'strcpy': This function or variable may be unsafe. Consider using strcpy_s instead. To disable deprecation, use _CRT_SECURE_NO_WARNINGS. See online help for details.
                 e:\visual studio ultimate\vc\include\string.h(112) : see declaration of 'strcpy'
     1>c:\users\georgi\documents\visual studio 2013\projects\homework1\homework1\main.cpp(45): warning C4996: 'strcpy': This function or variable may be unsafe. Consider using strcpy_s instead. To disable deprecation, use _CRT_SECURE_NO_WARNINGS. See online help for details.
                 e:\visual studio ultimate\vc\include\string.h(112) : see declaration of 'strcpy'
     1>c:\users\georgi\documents\visual studio 2013\projects\homework1\homework1\main.cpp(55): warning C4996: 'strcpy': This function or variable may be unsafe. Consider using strcpy_s instead. To disable deprecation, use _CRT_SECURE_NO_WARNINGS. See online help for details.
                 e:\visual studio ultimate\vc\include\string.h(112) : see declaration of 'strcpy'
     1>c:\users\georgi\documents\visual studio 2013\projects\homework1\homework1\main.cpp(58): warning C4996: 'strcpy': This function or variable may be unsafe. Consider using strcpy_s instead. To disable deprecation, use _CRT_SECURE_NO_WARNINGS. See online help for details.
                 e:\visual studio ultimate\vc\include\string.h(112) : see declaration of 'strcpy'
     1>c:\users\georgi\documents\visual studio 2013\projects\homework1\homework1\main.cpp(65): warning C4996: 'strcpy': This function or variable may be unsafe. Consider using strcpy_s instead. To disable deprecation, use _CRT_SECURE_NO_WARNINGS. See online help for details.
                 e:\visual studio ultimate\vc\include\string.h(112) : see declaration of 'strcpy'
     1>c:\users\georgi\documents\visual studio 2013\projects\homework1\homework1\main.cpp(68): warning C4996: 'strcpy': This function or variable may be unsafe. Consider using strcpy_s instead. To disable deprecation, use _CRT_SECURE_NO_WARNINGS. See online help for details.
                 e:\visual studio ultimate\vc\include\string.h(112) : see declaration of 'strcpy'
     1>c:\users\georgi\documents\visual studio 2013\projects\homework1\homework1\main.cpp(71): warning C4996: 'strcpy': This function or variable may be unsafe. Consider using strcpy_s instead. To disable deprecation, use _CRT_SECURE_NO_WARNINGS. See online help for details.
                 e:\visual studio ultimate\vc\include\string.h(112) : see declaration of 'strcpy'
     1>c:\users\georgi\documents\visual studio 2013\projects\homework1\homework1\main.cpp(72): warning C4996: 'strcpy': This function or variable may be unsafe. Consider using strcpy_s instead. To disable deprecation, use _CRT_SECURE_NO_WARNINGS. See online help for details.
                 e:\visual studio ultimate\vc\include\string.h(112) : see declaration of 'strcpy'
     1>c:\users\georgi\documents\visual studio 2013\projects\homework1\homework1\main.cpp(73): warning C4996: 'strcat': This function or variable may be unsafe. Consider using strcat_s instead. To disable deprecation, use _CRT_SECURE_NO_WARNINGS. See online help for details.
                 e:\visual studio ultimate\vc\include\string.h(118) : see declaration of 'strcat'
       Link:
         E:\Visual Studio Ultimate\VC\bin\link.exe /ERRORREPORT:PROMPT /OUT:"C:\Users\Georgi\documents\visual studio 2013\Projects\Homework1\Debug\Homework1.exe" /INCREMENTAL /NOLOGO kernel32.lib user32.lib gdi32.lib winspool.lib comdlg32.lib advapi32.lib shell32.lib ole32.lib oleaut32.lib uuid.lib odbc32.lib odbccp32.lib /MANIFEST /MANIFESTUAC:"level='asInvoker' uiAccess='false'" /manifest:embed /DEBUG /PDB:"C:\Users\Georgi\documents\visual studio 2013\Projects\Homework1\Debug\Homework1.pdb" /SUBSYSTEM:CONSOLE /TLBID:1 /DYNAMICBASE /NXCOMPAT /IMPLIB:"C:\Users\Georgi\documents\visual studio 2013\Projects\Homework1\Debug\Homework1.lib" /MACHINE:X86 Debug\main.obj
         Homework1.vcxproj -> C:\Users\Georgi\documents\visual studio 2013\Projects\Homework1\Debug\Homework1.exe
     1>Done Building Project "C:\Users\Georgi\documents\visual studio 2013\Projects\Homework1\Homework1\Homework1.vcxproj" (Build target(s)).

Build succeeded.

Time Elapsed 00:00:00.82
